     1                                  [org 0x7c00] ; bootloader offset
     2                                  
     3                                  KERNEL_OFFSET equ 0x1000
     4                                  
     5                                  ; Dereference pointer
     6                                  
     7                                  ; Set variables
     8                                  ; Function call
     9                                  ; Function Params
    10                                  
    11                                  ; Code block
    12                                  
    13 00000000 8816[E201]              mov [BOOT_DRIVE], dl
    14 00000004 BD0080                  mov bp, 0x8000
    15 00000007 89EC                    mov sp, bp
    16                                  
    17 00000009 8B1E[E201]              mov bx, [BOOT_DRIVE]
    18 0000000D E80E00                  call print_hex
    19 00000010 BB[6E01]                mov bx, MSG_REAL_MODE
    20 00000013 E83D00                  call print
    21                                  
    22                                  
    23 00000016 E82B01                  call load_kernel
    24                                  
    25 00000019 E8F900                  call switch_to_pm
    26                                  
    27 0000001C EBFE                    jmp $ ; just in case
    28                                  
    29                                  %define NL 0xA, 0xD ; \n, \r
    30                                  %include "boot/boot_sect_print_hex.asm"
    31                              <1> ; Clear comments
    32                              <1> 
    33                              <1> 
    34                              <1> 
    35                              <1> 
    36                              <1> 
    37                              <1> 
    38                              <1> 
    39                              <1> 
    40                              <1> 
    41                              <1> 
    42                              <1> 
    43                              <1> 
    44                              <1> 
    45                              <1> 
    46                              <1> print_hex :
    47 0000001E 60                  <1> 	pusha
    48 0000001F B90000              <1> 	mov cx, 0
    49                              <1> 
    50                              <1> 
    51                              <1> 
    52                              <1> 
    53                              <1> 
    54                              <1> 
    55                              <1> hex_loop :
    56 00000022 83F904              <1> 	cmp cx, 4
    57 00000025 7D1B                <1> jge end_hex
    58 00000027 41                  <1> 	inc cx
    59                              <1> 
    60 00000028 89D8                <1> 	mov ax, bx
    61 0000002A 83E00F              <1> 	and ax, 0x000f ; everything zero but the last byte
    62                              <1> 
    63 0000002D 0430                <1> 	add al, '0' ; Turn into ascii
    64                              <1> 
    65 0000002F 3C39                <1> 	cmp al, 0x39
    66 00000031 7E03                <1> jle step2 ; if a letter
    67                              <1> 
    68 00000033 83C007              <1> 	add ax, 0x7
    69                              <1> 
    70                              <1> 
    71                              <1> step2 :
    72 00000036 BF[5000]            <1> 	mov di, HEX_OUT + 6
    73 00000039 29CF                <1> 	sub di, cx
    74 0000003B 8805                <1> 	mov [di], al
    75                              <1> 
    76 0000003D C1CB04              <1> 	ror bx, 4
    77 00000040 EBE0                <1> 	jmp hex_loop
    78                              <1> 
    79                              <1> 
    80                              <1> end_hex :
    81 00000042 BB[4A00]            <1> 	mov bx, HEX_OUT
    82 00000045 E80B00              <1> 	call print
    83 00000048 61                  <1> 	popa
    84 00000049 C3                  <1> 	ret
    85                              <1> 
    86                              <1> 
    87 0000004A 3078303030300A0D00  <1> HEX_OUT db "0x0000", NL, 0
    88                              <1> 
    31                                  %include "boot/boot_sect_print.asm"
    32                              <1> ; Dereference pointer
    33                              <1> 
    34                              <1> ; Set variables
    35                              <1> 
    36                              <1> ; Function call
    37                              <1> ; Function Params
    38                              <1> 
    39                              <1> ; Ifs
    40                              <1> 
    41                              <1> ; Code block
    42                              <1> 
    43                              <1> print :
    44 00000053 60                  <1> 	pusha
    45                              <1> 
    46                              <1> 
    47                              <1> loop :
    48 00000054 8A07                <1> 	mov al, [bx]
    49 00000056 3C00                <1> 	cmp al, 0
    50 00000058 7407                <1> je end
    51                              <1> 
    52 0000005A B40E                <1> 	mov ah, 0xE ; Is not ensured ah will be kept the same after int 0x10
    53 0000005C CD10                <1> 	int 0x10
    54                              <1> 
    55 0000005E 43                  <1> 	inc bx
    56 0000005F EBF3                <1> 	jmp loop
    57                              <1> 
    58                              <1> 
    59                              <1> end :
    60 00000061 61                  <1> 	popa
    61 00000062 C3                  <1> 	ret
    62                              <1> 
    32                                  %include "boot/boot_sect_disk.asm"
    33                              <1> ; Clear comments
    34                              <1> 
    35                              <1> 
    36                              <1> 
    37                              <1> 
    38                              <1> 
    39                              <1> 
    40                              <1> 
    41                              <1> 
    42                              <1> 
    43                              <1> 
    44                              <1> 
    45                              <1> 
    46                              <1> RETRIES equ 3
    47                              <1> 
    48                              <1> 
    49                              <1> 
    50                              <1> 
    51                              <1> disk_read :
    52 00000063 60                  <1> 	pusha
    53 00000064 31C9                <1> 	xor cx, cx
    54                              <1> 
    55                              <1> 
    56                              <1> disk_loop :
    57 00000066 41                  <1> 	inc cx
    58                              <1> 
    59 00000067 52                  <1> 	push dx
    60 00000068 51                  <1> 	push cx
    61                              <1> 
    62 00000069 B402                <1> 	mov ah, 0x2
    63 0000006B 88F0                <1> 	mov al, dh
    64 0000006D B500                <1> 	mov ch, 0
    65 0000006F B102                <1> 	mov cl, 0x2
    66 00000071 B600                <1> 	mov dh, 0
    67                              <1> 
    68                              <1> 
    69 00000073 CD13                <1> 	int 0x13
    70                              <1> 
    71 00000075 59                  <1> 	pop cx
    72 00000076 5A                  <1> 	pop dx
    73                              <1> 
    74 00000077 720B                <1> 	jc disk_error
    75                              <1> 
    76 00000079 38F0                <1> 	cmp al, dh
    77 0000007B 751E                <1> jne sectors_error
    78                              <1> 
    79                              <1> 
    80                              <1> disk_done :
    81 0000007D 61                  <1> 	popa
    82 0000007E C3                  <1> 	ret
    83                              <1> 
    84                              <1> 
    85                              <1> reset_disk :
    86 0000007F B400                <1> 	mov ah, 0x0
    87 00000081 CD13                <1> 	int 0x13
    88 00000083 C3                  <1> 	ret
    89                              <1> 
    90                              <1> 
    91                              <1> disk_error :
    92                              <1> 	
    93 00000084 E8F8FF              <1> 	call reset_disk
    94                              <1> 
    95 00000087 83F903              <1> 	cmp cx, RETRIES
    96 0000008A 7CDA                <1> jl  disk_loop
    97                              <1> 
    98 0000008C BB[AB00]            <1> 	mov bx, DISK_ERROR
    99 0000008F E8C1FF              <1> 	call print
   100 00000092 B700                <1> 	mov bh, 0
   101 00000094 88E3                <1> mov bl, ah
   102 00000096 E885FF              <1> 	call print_hex
   103                              <1> 
   104 00000099 EBE2                <1> 	jmp disk_done
   105                              <1> 
   106                              <1> 
   107                              <1> sectors_error :
   108                              <1> 	
   109 0000009B E8E1FF              <1> 	call reset_disk
   110                              <1> 
   111 0000009E 83F903              <1> 	cmp cx, RETRIES
   112 000000A1 7CC3                <1> jl  disk_loop
   113                              <1> 
   114 000000A3 BB[BD00]            <1> 	mov bx, SECTORS_ERROR
   115 000000A6 E8AAFF              <1> 	call print
   116                              <1> 
   117 000000A9 EBD2                <1> 	jmp disk_done
   118                              <1> 
   119                              <1> 
   120 000000AB 4469736B2072656164- <1> DISK_ERROR: db "Disk read error: ", 0
   120 000000B4 206572726F723A2000  <1>
   121 000000BD 496E636F7272656374- <1> SECTORS_ERROR: db "Incorrect number of sectors read", 0
   121 000000C6 206E756D626572206F- <1>
   121 000000CF 6620736563746F7273- <1>
   121 000000D8 207265616400        <1>
    33                                  %include "boot/32bit-gdt.asm"
    34                              <1> ; [bits 32] when is a data structure it doesn't really matter
    35                              <1> 
    36                              <1> gdt_start: ; don't remove the labels, they're needed to compute sizes and jumps
    37 000000DE 00000000            <1> 	dd 0x0
    38 000000E2 00000000            <1> 	dd 0x0
    39                              <1> 
    40                              <1> ; GDT for code segment. base = 0x00000000, length = 0xfffff
    41                              <1> ; for flags, refer to os-dev.pdf document, page 36
    42                              <1> gdt_code:
    43 000000E6 FFFF                <1> 	dw 0xffff
    44 000000E8 0000                <1> 	dw 0x0
    45 000000EA 00                  <1> 	db 0x0
    46 000000EB 9A                  <1> 	db 10011010b
    47 000000EC CF                  <1> 	db 11001111b
    48 000000ED 00                  <1> 	db 0x0
    49                              <1> 
    50                              <1> ; GDT for data segment. base and length identical to code segment
    51                              <1> ; some flags changed, again, refer to os-dev.pdf
    52                              <1> gdt_data:
    53 000000EE FFFF                <1> 	dw 0xffff
    54 000000F0 0000                <1> 	dw 0x0
    55 000000F2 00                  <1> 	db 0x0
    56 000000F3 92                  <1> 	db 10010010b
    57 000000F4 CF                  <1> 	db 11001111b
    58 000000F5 00                  <1> 	db 0x0
    59                              <1> 
    60                              <1> gdt_end: ; just for size calculations
    61                              <1> 
    62                              <1> ; GDT descriptor
    63                              <1> gdt_descriptor:
    64 000000F6 1700                <1> 	dw gdt_end - gdt_start - 1
    65 000000F8 [DE000000]          <1> 	dd gdt_start
    66                              <1> 
    67                              <1> ; define some constants for later use
    68                              <1> CODE_SEG equ gdt_code - gdt_start
    69                              <1> DATA_SEG equ gdt_data - gdt_start
    34                                  %include "boot/32bit-print.asm"
    35                              <1> [bits 32] ; using 32-bit protected mode
    36                              <1> 
    37                              <1> ; Dereference pointer
    38                              <1> 
    39                              <1> ; Set variables
    40                              <1> ; Or Operation
    41                              <1> ; Add Operation
    42                              <1> 
    43                              <1> ; Function call
    44                              <1> ; Function Params
    45                              <1> 
    46                              <1> ; Ifs
    47                              <1> 
    48                              <1> ; Code block
    49                              <1> 
    50                              <1> ; this is how constants are defined
    51                              <1> VIDEO_MEMORY equ 0xB8000
    52                              <1> WHITE_ON_BLACK equ 0x0F
    53                              <1> 
    54                              <1> print_pm :
    55 000000FC 60                  <1> 	pusha
    56 000000FD BF00800B00          <1> 	mov edi, VIDEO_MEMORY
    57                              <1> 
    58                              <1> 
    59                              <1> loop_pm :
    60 00000102 B40F                <1> 	mov ah, WHITE_ON_BLACK
    61 00000104 8A03                <1> 	mov al, [ebx]
    62                              <1> 
    63 00000106 3C00                <1> 	cmp al, 0
    64 00000108 7409                <1> je done_pm
    65                              <1> 
    66 0000010A 668907              <1> 	mov [edi], ax
    67 0000010D 83C702              <1> 	add edi, 2 ; 2 bytes each vid memory block
    68 00000110 43                  <1> 	inc ebx
    69                              <1> 
    70 00000111 EBEF                <1> 	jmp loop_pm
    71                              <1> 
    72                              <1> 
    73                              <1> done_pm :
    74 00000113 61                  <1> 	popa
    75 00000114 C3                  <1> 	ret
    76                              <1> 
    35                                  %include "boot/32bit-switch.asm"
    36                              <1> ; Dereference pointer
    37                              <1> 
    38                              <1> ; Set variables
    39                              <1> ; Or Operation
    40                              <1> 
    41                              <1> ; Function call
    42                              <1> ; Function Params
    43                              <1> 
    44                              <1> ; Code block
    45                              <1> 
    46                              <1> [bits 16]
    47                              <1> switch_to_pm :
    48 00000115 FA                  <1> 	cli
    49 00000116 0F0116[F600]        <1> 	lgdt [gdt_descriptor]
    50                              <1> 
    51 0000011B 0F20C0              <1> 	mov eax, cr0
    52 0000011E 6683C801            <1> 	or eax, 0x1
    53 00000122 0F22C0              <1> 	mov cr0, eax
    54                              <1> 
    55 00000125 EA[2A01]0800        <1> 	jmp CODE_SEG:init_pm
    56                              <1> 
    57                              <1> 
    58                              <1> [bits 32]
    59                              <1> init_pm :
    60 0000012A 66B81000            <1> 	mov ax, DATA_SEG
    61 0000012E 8ED8                <1> mov ds, ax
    62 00000130 8ED0                <1> mov ss, ax
    63 00000132 8EC0                <1> mov es, ax
    64 00000134 8EE0                <1> mov fs, ax
    65 00000136 8EE8                <1> mov gs, ax
    66 00000138 BD00000900          <1> 	mov ebp, 0x90000
    67 0000013D 89EC                <1> mov esp, ebp
    68 0000013F E819000000          <1> 	call begin_pm
    69                              <1> 
    36                                  
    37                                  [bits 16]
    38                                  load_kernel :
    39 00000144 BB[8C01]                	mov bx, MSG_KERNEL_LOAD
    40 00000147 E809FF                  	call print
    41 0000014A BB0010                  	mov bx, KERNEL_OFFSET
    42 0000014D B610                    mov dh, 16
    43 0000014F 8A16[E201]              mov dl, [BOOT_DRIVE]
    44 00000153 E80DFF                  	call disk_read
    45 00000156 BB[AC01]                	mov bx, MSG_KERNEL_AFTER
    46 00000159 E8F7FE                  	call print
    47 0000015C C3                      	ret
    48                                  
    49                                  
    50                                  [bits 32]
    51                                  begin_pm :
    52 0000015D BB[C5010000]            	mov ebx, MSG_PROT_MODE
    53 00000162 E895FFFFFF              	call print_pm
    54 00000167 E8(00100000)            	call KERNEL_OFFSET ; this gives control to the kernel
    55 0000016C EBFE                    	jmp $
    56                                  
    57                                  
    58 0000016E 537461727465642069-     MSG_REAL_MODE db "Started in 16-bit real mode", NL, 0
    58 00000177 6E2031362D62697420-
    58 00000180 7265616C206D6F6465-
    58 00000189 0A0D00             
    59 0000018C 4C6F6164696E67206B-     MSG_KERNEL_LOAD db "Loading kernel into memory...", NL, 0
    59 00000195 65726E656C20696E74-
    59 0000019E 6F206D656D6F72792E-
    59 000001A7 2E2E0A0D00         
    60 000001AC 4B65726E656C207368-     MSG_KERNEL_AFTER db "Kernel should run now!", NL, 0
    60 000001B5 6F756C642072756E20-
    60 000001BE 6E6F77210A0D00     
    61                                  
    62 000001C5 4C6F61646564203332-     MSG_PROT_MODE db "Loaded 32-bit protected mode", 0
    62 000001CE 2D6269742070726F74-
    62 000001D7 6563746564206D6F64-
    62 000001E0 6500               
    63 000001E2 00                      BOOT_DRIVE db 0
    64                                  
    65                                  ; bootsector
    66 000001E3 00<rep 1Bh>             times 510-($-$$) db 0
    67 000001FE 55AA                    dw 0xaa55
